2025-06-13 13:15:43,904 - __main__ - INFO - Retrieved 2 events for the current weekend
2025-06-14 10:25:08,786 - racing_weather_api.api.weather_api - INFO - Forecast cache cleared
2025-06-14 10:25:08,789 - racing_weather_api.data_processing.event_processing - ERROR - Error processing weather datastring indices must be integers, not 'str'
2025-06-14 10:25:08,789 - __main__ - WARNING - No events found for the current weekend
2025-06-14 10:25:40,368 - racing_weather_api.api.weather_api - INFO - Forecast cache cleared
2025-06-14 10:25:40,370 - racing_weather_api.data_processing.event_processing - ERROR - Error processing weather datalist indices must be integers or slices, not str
2025-06-14 10:25:40,370 - __main__ - WARNING - No events found for the current weekend
2025-06-14 10:31:31,205 - racing_weather_api.api.weather_api - INFO - Forecast cache cleared
2025-06-14 10:31:31,208 - racing_weather_api.api.weather_api - INFO - Downloading data from Google Weather API...
2025-06-14 10:31:33,195 - racing_weather_api.api.weather_api - INFO - Forecast saved to C:\Users\jacob\Python\Python_Projects\sports_weather_app_backend\racing_weather_api\data\track_forecast.json
2025-06-14 10:31:33,195 - racing_weather_api.api.weather_api - INFO - Downloaded and cached forecast for MEXICO CITY
2025-06-14 10:31:33,196 - racing_weather_api.api.weather_api - INFO - Using cached forecast for MEXICO CITY, data already downloaded
2025-06-14 10:31:33,197 - racing_weather_api.data_processing.event_processing - INFO - Forecast data successfully download and processed
2025-06-14 10:31:33,198 - racing_weather_api.utils.file_utils - INFO - Saved data to /var\www\html\data\events_with_weather.json
2025-06-14 10:31:33,198 - __main__ - INFO - Retrieved 2 events for the current weekend
2025-06-14 10:32:26,408 - racing_weather_api.api.weather_api - INFO - Forecast cache cleared
2025-06-14 10:33:42,974 - racing_weather_api.api.weather_api - INFO - Downloading data from Google Weather API...
2025-06-14 10:33:44,948 - racing_weather_api.api.weather_api - INFO - Forecast saved to C:\Users\jacob\Python\Python_Projects\sports_weather_app_backend\racing_weather_api\data\track_forecast.json
2025-06-14 10:33:44,948 - racing_weather_api.api.weather_api - INFO - Downloaded and cached forecast for MEXICO CITY
2025-06-14 10:33:44,952 - racing_weather_api.api.weather_api - INFO - Using cached forecast for MEXICO CITY, data already downloaded
2025-06-14 10:33:44,955 - racing_weather_api.data_processing.event_processing - INFO - Forecast data successfully download and processed
2025-06-14 10:33:44,956 - racing_weather_api.utils.file_utils - INFO - Saved data to /var\www\html\data\events_with_weather.json
2025-06-14 10:33:44,956 - __main__ - INFO - Retrieved 2 events for the current weekend
2025-06-14 10:34:26,809 - racing_weather_api.api.weather_api - INFO - Forecast cache cleared
2025-06-14 10:34:26,817 - racing_weather_api.api.weather_api - INFO - Downloading data from Google Weather API...
2025-06-14 10:34:28,688 - racing_weather_api.api.weather_api - INFO - Forecast saved to C:\Users\jacob\Python\Python_Projects\sports_weather_app_backend\racing_weather_api\data\track_forecast.json
2025-06-14 10:34:28,688 - racing_weather_api.api.weather_api - INFO - Downloaded and cached forecast for MEXICO CITY
2025-06-14 10:34:28,689 - racing_weather_api.api.weather_api - INFO - Using cached forecast for MEXICO CITY, data already downloaded
2025-06-14 10:35:07,957 - racing_weather_api.data_processing.event_processing - INFO - Forecast data successfully download and processed
2025-06-14 10:35:07,958 - racing_weather_api.utils.file_utils - INFO - Saved data to /var\www\html\data\events_with_weather.json
2025-06-14 10:35:07,959 - __main__ - INFO - Retrieved 2 events for the current weekend
2025-06-14 10:40:35,469 - racing_weather_api.api.weather_api - INFO - Forecast cache cleared
2025-06-14 10:40:35,472 - racing_weather_api.api.weather_api - INFO - Downloading data from Google Weather API...
2025-06-14 10:40:37,494 - racing_weather_api.api.weather_api - INFO - Forecast saved to C:\Users\jacob\Python\Python_Projects\sports_weather_app_backend\racing_weather_api\data\track_forecast.json
2025-06-14 10:40:37,494 - racing_weather_api.api.weather_api - INFO - Downloaded and cached forecast for MEXICO CITY
2025-06-14 10:40:37,495 - racing_weather_api.api.weather_api - INFO - Using cached forecast for MEXICO CITY, data already downloaded
2025-06-14 10:40:37,496 - racing_weather_api.data_processing.event_processing - INFO - Forecast data successfully download and processed
2025-06-14 10:40:37,496 - racing_weather_api.utils.file_utils - INFO - Saved data to /var\www\html\data\events_with_weather.json
2025-06-14 10:40:37,497 - __main__ - INFO - Retrieved 2 events for the current weekend
2025-06-14 10:41:16,399 - racing_weather_api.api.weather_api - INFO - Forecast cache cleared
2025-06-14 10:41:16,407 - racing_weather_api.api.weather_api - INFO - Downloading data from Google Weather API...
2025-06-14 10:41:18,323 - racing_weather_api.api.weather_api - INFO - Forecast saved to C:\Users\jacob\Python\Python_Projects\sports_weather_app_backend\racing_weather_api\data\track_forecast.json
2025-06-14 10:41:18,324 - racing_weather_api.api.weather_api - INFO - Downloaded and cached forecast for MEXICO CITY
2025-06-14 10:41:18,325 - racing_weather_api.api.weather_api - INFO - Using cached forecast for MEXICO CITY, data already downloaded
2025-06-14 10:41:18,326 - racing_weather_api.data_processing.event_processing - INFO - Forecast data successfully download and processed
2025-06-14 10:46:07,617 - racing_weather_api.api.weather_api - INFO - Forecast cache cleared
2025-06-14 10:46:07,626 - racing_weather_api.api.weather_api - INFO - Downloading data from Google Weather API...
2025-06-14 10:46:09,625 - racing_weather_api.api.weather_api - INFO - Forecast saved to C:\Users\jacob\Python\Python_Projects\sports_weather_app_backend\racing_weather_api\data\track_forecast.json
2025-06-14 10:46:09,626 - racing_weather_api.api.weather_api - INFO - Downloaded and cached forecast for MEXICO CITY
2025-06-14 10:46:09,627 - racing_weather_api.api.weather_api - INFO - Using cached forecast for MEXICO CITY, data already downloaded
2025-06-14 10:46:09,628 - racing_weather_api.data_processing.event_processing - INFO - Forecast data successfully download and processed
2025-06-14 10:48:01,663 - racing_weather_api.api.weather_api - INFO - Forecast cache cleared
2025-06-14 10:48:01,671 - racing_weather_api.api.weather_api - INFO - Downloading data from Google Weather API...
2025-06-14 10:48:03,576 - racing_weather_api.api.weather_api - INFO - Forecast saved to C:\Users\jacob\Python\Python_Projects\sports_weather_app_backend\racing_weather_api\data\track_forecast.json
2025-06-14 10:48:03,576 - racing_weather_api.api.weather_api - INFO - Downloaded and cached forecast for MEXICO CITY
2025-06-14 10:48:03,577 - racing_weather_api.api.weather_api - INFO - Using cached forecast for MEXICO CITY, data already downloaded
2025-06-14 10:48:03,578 - racing_weather_api.data_processing.event_processing - INFO - Forecast data successfully download and processed
2025-06-21 15:53:10,493 - racing_weather_api.api.weather_api - INFO - Forecast cache cleared
2025-06-21 15:53:10,494 - racing_weather_api.data_processing.event_processing - INFO - Loading schedules from series files
2025-06-21 15:53:10,496 - racing_weather_api.data_processing.event_processing - INFO - Total events loaded: 140
2025-06-21 15:53:10,496 - racing_weather_api.data_processing.event_processing - INFO - Found 5 events for week 2025-06-16 to 2025-06-22
2025-06-21 15:53:10,499 - racing_weather_api.api.weather_api - INFO - Downloading data from Google Weather API...
2025-06-21 15:53:12,650 - racing_weather_api.api.weather_api - INFO - Forecast saved to c:\Users\jacob\Python\Python_Projects\sports_weather_app_backend\racing_weather_api\data\track_forecast.json
2025-06-21 15:53:12,651 - racing_weather_api.api.weather_api - INFO - Downloaded and cached forecast for POCONO
2025-06-21 15:53:12,652 - racing_weather_api.api.weather_api - INFO - Using cached forecast for POCONO, data already downloaded
2025-06-21 15:53:12,653 - racing_weather_api.api.weather_api - INFO - Downloading data from Google Weather API...
2025-06-21 15:53:14,598 - racing_weather_api.api.weather_api - INFO - Forecast saved to c:\Users\jacob\Python\Python_Projects\sports_weather_app_backend\racing_weather_api\data\track_forecast.json
2025-06-21 15:53:14,599 - racing_weather_api.api.weather_api - INFO - Downloaded and cached forecast for ELKHART LAKE
2025-06-21 15:53:14,600 - racing_weather_api.api.weather_api - INFO - Downloading data from Google Weather API...
2025-06-21 15:53:16,793 - racing_weather_api.api.weather_api - INFO - Forecast saved to c:\Users\jacob\Python\Python_Projects\sports_weather_app_backend\racing_weather_api\data\track_forecast.json
2025-06-21 15:53:16,793 - racing_weather_api.api.weather_api - INFO - Downloaded and cached forecast for ELKO NEW MARKET
2025-06-21 15:53:16,794 - racing_weather_api.data_processing.event_processing - INFO - Forecast data successfully downloaded and processed
2025-06-21 15:53:16,796 - racing_weather_api.utils.file_utils - INFO - Saved data to /var\www\html\data\events_with_weather.json
2025-06-21 15:53:16,796 - __main__ - INFO - Retrieved 4 events for the current weekend
2025-06-21 15:53:29,387 - racing_weather_api.api.weather_api - INFO - Forecast cache cleared
2025-06-21 15:53:29,388 - racing_weather_api.data_processing.event_processing - INFO - Loading schedules from series files
2025-06-21 15:53:29,390 - racing_weather_api.data_processing.event_processing - INFO - Total events loaded: 140
2025-06-21 15:53:29,390 - racing_weather_api.data_processing.event_processing - INFO - Found 6 events for week 2025-06-16 to 2025-06-22
2025-06-21 15:53:29,393 - racing_weather_api.api.weather_api - INFO - Downloading data from Google Weather API...
2025-06-21 15:53:31,466 - racing_weather_api.api.weather_api - INFO - Forecast saved to c:\Users\jacob\Python\Python_Projects\sports_weather_app_backend\racing_weather_api\data\track_forecast.json
2025-06-21 15:53:31,467 - racing_weather_api.api.weather_api - INFO - Downloaded and cached forecast for POCONO
2025-06-21 15:53:31,468 - racing_weather_api.api.weather_api - INFO - Using cached forecast for POCONO, data already downloaded
2025-06-21 15:53:31,469 - racing_weather_api.api.weather_api - INFO - Downloading data from Google Weather API...
2025-06-21 15:53:33,299 - racing_weather_api.api.weather_api - INFO - Forecast saved to c:\Users\jacob\Python\Python_Projects\sports_weather_app_backend\racing_weather_api\data\track_forecast.json
2025-06-21 15:53:33,300 - racing_weather_api.api.weather_api - INFO - Downloaded and cached forecast for ELKHART LAKE
2025-06-21 15:53:33,301 - racing_weather_api.api.weather_api - INFO - Downloading data from Google Weather API...
2025-06-21 15:53:35,283 - racing_weather_api.api.weather_api - INFO - Forecast saved to c:\Users\jacob\Python\Python_Projects\sports_weather_app_backend\racing_weather_api\data\track_forecast.json
2025-06-21 15:53:35,283 - racing_weather_api.api.weather_api - INFO - Downloaded and cached forecast for ELKO NEW MARKET
2025-06-21 15:53:35,285 - racing_weather_api.api.weather_api - INFO - Downloading data from Google Weather API...
2025-06-21 15:53:35,431 - racing_weather_api.api.weather_api - ERROR - API request failed with status code 404
2025-06-21 15:53:35,432 - racing_weather_api.api.weather_api - ERROR - Error getting forecast for RED BULL RING: API request failed with status code 404
2025-06-21 15:53:35,432 - racing_weather_api.data_processing.event_processing - INFO - Forecast data successfully downloaded and processed
2025-06-21 15:53:35,434 - racing_weather_api.utils.file_utils - INFO - Saved data to /var\www\html\data\events_with_weather.json
2025-06-21 15:53:35,434 - __main__ - INFO - Retrieved 5 events for the current weekend
2025-06-21 15:55:31,067 - racing_weather_api.api.weather_api - INFO - Forecast cache cleared
2025-06-21 15:55:31,067 - racing_weather_api.data_processing.event_processing - INFO - Loading schedules from series files
2025-06-21 15:55:31,069 - racing_weather_api.data_processing.event_processing - INFO - Total events loaded: 140
2025-06-21 15:55:31,070 - racing_weather_api.data_processing.event_processing - INFO - Found 6 events for week 2025-06-16 to 2025-06-22
2025-06-21 15:55:31,072 - racing_weather_api.api.weather_api - INFO - Downloading data from Google Weather API...
2025-06-21 15:55:32,982 - racing_weather_api.api.weather_api - INFO - Forecast saved to c:\Users\jacob\Python\Python_Projects\sports_weather_app_backend\racing_weather_api\data\track_forecast.json
2025-06-21 15:55:32,983 - racing_weather_api.api.weather_api - INFO - Downloaded and cached forecast for POCONO
2025-06-21 15:55:32,984 - racing_weather_api.api.weather_api - INFO - Using cached forecast for POCONO, data already downloaded
2025-06-21 15:55:32,986 - racing_weather_api.api.weather_api - INFO - Downloading data from Google Weather API...
2025-06-21 15:55:34,900 - racing_weather_api.api.weather_api - INFO - Forecast saved to c:\Users\jacob\Python\Python_Projects\sports_weather_app_backend\racing_weather_api\data\track_forecast.json
2025-06-21 15:55:34,900 - racing_weather_api.api.weather_api - INFO - Downloaded and cached forecast for ELKHART LAKE
2025-06-21 15:55:34,902 - racing_weather_api.api.weather_api - INFO - Downloading data from Google Weather API...
2025-06-21 15:55:36,969 - racing_weather_api.api.weather_api - INFO - Forecast saved to c:\Users\jacob\Python\Python_Projects\sports_weather_app_backend\racing_weather_api\data\track_forecast.json
2025-06-21 15:55:36,970 - racing_weather_api.api.weather_api - INFO - Downloaded and cached forecast for ELKO NEW MARKET
2025-06-21 15:55:36,971 - racing_weather_api.api.weather_api - INFO - Downloading data from Google Weather API...
2025-06-21 15:55:39,006 - racing_weather_api.api.weather_api - INFO - Forecast saved to c:\Users\jacob\Python\Python_Projects\sports_weather_app_backend\racing_weather_api\data\track_forecast.json
2025-06-21 15:55:39,007 - racing_weather_api.api.weather_api - INFO - Downloaded and cached forecast for RED BULL RING
2025-06-21 15:55:39,008 - racing_weather_api.data_processing.event_processing - INFO - Forecast data successfully downloaded and processed
2025-06-21 15:55:39,009 - racing_weather_api.utils.file_utils - INFO - Saved data to /var\www\html\data\events_with_weather.json
2025-06-21 15:55:39,010 - __main__ - INFO - Retrieved 5 events for the current weekend
2025-06-22 17:22:00,674 - racing_weather_api.api.weather_api - INFO - Forecast cache cleared
2025-06-22 17:22:00,674 - racing_weather_api.data_processing.event_processing - INFO - Loading schedules from series files
2025-06-22 17:22:00,676 - racing_weather_api.data_processing.event_processing - INFO - Total events loaded: 126
2025-06-22 17:22:00,676 - racing_weather_api.data_processing.event_processing - INFO - Found 5 events for week 2025-06-16 to 2025-06-22
2025-06-22 17:22:00,679 - racing_weather_api.api.weather_api - INFO - Downloading data from Google Weather API...
2025-06-22 17:22:02,678 - racing_weather_api.api.weather_api - INFO - Forecast saved to c:\Users\jacob\Python\Python_Projects\sports_weather_app_backend\racing_weather_api\data\track_forecast.json
2025-06-22 17:22:02,679 - racing_weather_api.api.weather_api - INFO - Downloaded and cached forecast for POCONO
2025-06-22 17:22:02,681 - racing_weather_api.api.weather_api - INFO - Downloading data from Google Weather API...
2025-06-22 17:22:04,525 - racing_weather_api.api.weather_api - INFO - Forecast saved to c:\Users\jacob\Python\Python_Projects\sports_weather_app_backend\racing_weather_api\data\track_forecast.json
2025-06-22 17:22:04,526 - racing_weather_api.api.weather_api - INFO - Downloaded and cached forecast for ELKHART LAKE
2025-06-22 17:22:04,527 - racing_weather_api.data_processing.event_processing - INFO - Forecast data successfully downloaded and processed
2025-06-22 17:22:04,528 - racing_weather_api.utils.file_utils - INFO - Saved data to /var\www\html\data\events_with_weather.json
2025-06-22 17:22:04,528 - __main__ - INFO - Retrieved 2 events for the current weekend
2025-06-22 17:24:50,437 - racing_weather_api.api.weather_api - INFO - Forecast cache cleared
2025-06-22 17:24:50,437 - racing_weather_api.data_processing.event_processing - INFO - Loading schedules from series files
2025-06-22 17:24:50,438 - racing_weather_api.data_processing.event_processing - INFO - Total events loaded: 126
2025-06-22 17:24:50,439 - racing_weather_api.data_processing.event_processing - INFO - Found 7 events for next 7 days 2025-06-22 to 2025-06-28
2025-06-22 17:24:50,441 - racing_weather_api.api.weather_api - INFO - Downloading data from Google Weather API...
2025-06-22 17:24:52,399 - racing_weather_api.api.weather_api - INFO - Forecast saved to c:\Users\jacob\Python\Python_Projects\sports_weather_app_backend\racing_weather_api\data\track_forecast.json
2025-06-22 17:24:52,399 - racing_weather_api.api.weather_api - INFO - Downloaded and cached forecast for POCONO
2025-06-22 17:24:52,401 - racing_weather_api.api.weather_api - INFO - Downloading data from Google Weather API...
2025-06-22 17:24:54,367 - racing_weather_api.api.weather_api - INFO - Forecast saved to c:\Users\jacob\Python\Python_Projects\sports_weather_app_backend\racing_weather_api\data\track_forecast.json
2025-06-22 17:24:54,368 - racing_weather_api.api.weather_api - INFO - Downloaded and cached forecast for ATLANTA
2025-06-22 17:24:54,369 - racing_weather_api.api.weather_api - INFO - Using cached forecast for ATLANTA, data already downloaded
2025-06-22 17:24:54,370 - racing_weather_api.api.weather_api - INFO - Downloading data from Google Weather API...
2025-06-22 17:24:56,146 - racing_weather_api.api.weather_api - INFO - Forecast saved to c:\Users\jacob\Python\Python_Projects\sports_weather_app_backend\racing_weather_api\data\track_forecast.json
2025-06-22 17:24:56,147 - racing_weather_api.api.weather_api - INFO - Downloaded and cached forecast for LIME ROCK
2025-06-22 17:24:56,149 - racing_weather_api.api.weather_api - INFO - Downloading data from Google Weather API...
2025-06-22 17:24:57,987 - racing_weather_api.api.weather_api - INFO - Forecast saved to c:\Users\jacob\Python\Python_Projects\sports_weather_app_backend\racing_weather_api\data\track_forecast.json
2025-06-22 17:24:57,987 - racing_weather_api.api.weather_api - INFO - Downloaded and cached forecast for ELKHART LAKE
2025-06-22 17:24:57,988 - racing_weather_api.api.weather_api - INFO - Using cached forecast for LIME ROCK, data already downloaded
2025-06-22 17:24:57,990 - racing_weather_api.api.weather_api - INFO - Downloading data from Google Weather API...
2025-06-22 17:24:59,680 - racing_weather_api.api.weather_api - INFO - Forecast saved to c:\Users\jacob\Python\Python_Projects\sports_weather_app_backend\racing_weather_api\data\track_forecast.json
2025-06-22 17:24:59,681 - racing_weather_api.api.weather_api - INFO - Downloaded and cached forecast for SOUTH BOSTON SPEEDWAY
2025-06-22 17:24:59,681 - racing_weather_api.data_processing.event_processing - INFO - Forecast data successfully downloaded and processed
2025-06-22 17:24:59,683 - racing_weather_api.utils.file_utils - INFO - Saved data to /var\www\html\data\events_with_weather.json
2025-06-22 17:24:59,683 - __main__ - INFO - Retrieved 7 events for the current weekend
